<?xml version="1.0" encoding="UTF-8"?>
<!-- Generated by org.testng.reporters.JUnitReportReporter -->
<testsuite skipped="0" hostname="9JVJNN2" name="tests.NavigationTests" tests="2" failures="0" timestamp="07 Aug 2018 19:40:46 GMT" time="19.331" errors="0">
  <testcase name="verify_HomePageMenuNavigationMethod" time="16.965" classname="tests.NavigationTests"/>
  <testcase name="verify_DummyMethod" time="2.366" classname="tests.NavigationTests"/>
</testsuite> <!-- tests.NavigationTests -->
