<?xml version="1.0" encoding="UTF-8"?>
<!-- Generated by org.testng.reporters.JUnitReportReporter -->
<testsuite skipped="0" hostname="9JVJNN2" name="tests.VerifyGlobal" tests="2" failures="0" timestamp="02 Oct 2018 18:38:47 GMT" time="44.024" errors="0">
  <testcase name="verify_GlobalFooterMethod" time="23.880" classname="tests.VerifyGlobal"/>
  <testcase name="verify_GlobalHeaderMethod" time="20.144" classname="tests.VerifyGlobal"/>
</testsuite> <!-- tests.VerifyGlobal -->
